2025-05-06 22:51:01,470 - __main__ - INFO - Using device: cuda
2025-05-06 22:51:01,470 - __main__ - INFO - Successfully loaded c language
2025-05-06 22:51:01,619 - __main__ - ERROR - Error loading dataset: [Errno 2] No such file or directory: '/path/to/your/dataset'
2025-05-06 22:51:01,619 - __main__ - WARNING - Using dummy data for demonstration
2025-05-06 22:51:01,659 - graph_diffusion_utils - WARNING - Error processing sample 52: 'GlobalStorage' object has no attribute 'nodes'
2025-05-06 22:51:01,659 - graph_diffusion_utils - WARNING - Error processing sample 16: 'GlobalStorage' object has no attribute 'nodes'
2025-05-06 22:51:01,659 - graph_diffusion_utils - WARNING - Error processing sample 84: 'GlobalStorage' object has no attribute 'nodes'
2025-05-06 22:51:01,662 - graph_diffusion_utils - WARNING - Error processing sample 8: 'GlobalStorage' object has no attribute 'nodes'
2025-05-06 22:51:01,662 - graph_diffusion_utils - WARNING - Error processing sample 68: 'GlobalStorage' object has no attribute 'nodes'
2025-05-06 22:51:01,663 - graph_diffusion_utils - WARNING - Error processing sample 21: 'GlobalStorage' object has no attribute 'nodes'
2025-05-06 22:51:01,665 - graph_diffusion_utils - WARNING - Error processing sample 98: 'GlobalStorage' object has no attribute 'nodes'
2025-05-06 22:51:01,666 - graph_diffusion_utils - WARNING - Error processing sample 39: 'GlobalStorage' object has no attribute 'nodes'
2025-05-06 22:51:01,667 - graph_diffusion_utils - WARNING - Error processing sample 79: 'GlobalStorage' object has no attribute 'nodes'
2025-05-06 22:51:01,668 - graph_diffusion_utils - WARNING - Error processing sample 6: 'GlobalStorage' object has no attribute 'nodes'
2025-05-06 22:51:01,670 - graph_diffusion_utils - WARNING - Error processing sample 97: 'GlobalStorage' object has no attribute 'nodes'
2025-05-06 22:51:01,671 - graph_diffusion_utils - WARNING - Error processing sample 46: 'GlobalStorage' object has no attribute 'nodes'
2025-05-06 22:51:01,672 - graph_diffusion_utils - WARNING - Error processing sample 25: 'GlobalStorage' object has no attribute 'nodes'
2025-05-06 22:51:01,677 - graph_diffusion_utils - WARNING - Error processing sample 99: 'GlobalStorage' object has no attribute 'nodes'
2025-05-06 22:51:01,678 - graph_diffusion_utils - WARNING - Error processing sample 77: 'GlobalStorage' object has no attribute 'nodes'
2025-05-06 22:51:01,678 - graph_diffusion_utils - WARNING - Error processing sample 63: 'GlobalStorage' object has no attribute 'nodes'
2025-05-06 22:51:01,681 - graph_diffusion_utils - WARNING - Error processing sample 5: 'GlobalStorage' object has no attribute 'nodes'
2025-05-06 22:51:01,682 - graph_diffusion_utils - WARNING - Error processing sample 47: 'GlobalStorage' object has no attribute 'nodes'
2025-05-06 22:51:01,683 - graph_diffusion_utils - WARNING - Error processing sample 83: 'GlobalStorage' object has no attribute 'nodes'
2025-05-06 22:51:01,846 - graph_diffusion_utils - WARNING - Error processing sample 48: 'GlobalStorage' object has no attribute 'nodes'
2025-05-06 22:51:01,846 - graph_diffusion_utils - WARNING - Error processing sample 76: 'GlobalStorage' object has no attribute 'nodes'
2025-05-06 22:51:01,848 - graph_diffusion_utils - WARNING - Error processing sample 59: 'GlobalStorage' object has no attribute 'nodes'
2025-05-06 22:51:01,849 - graph_diffusion_utils - WARNING - Error processing sample 28: 'GlobalStorage' object has no attribute 'nodes'
2025-05-06 22:51:01,850 - graph_diffusion_utils - WARNING - Error processing sample 27: 'GlobalStorage' object has no attribute 'nodes'
2025-05-06 22:51:01,852 - graph_diffusion_utils - WARNING - Error processing sample 73: 'GlobalStorage' object has no attribute 'nodes'
2025-05-06 22:51:01,853 - graph_diffusion_utils - WARNING - Error processing sample 32: 'GlobalStorage' object has no attribute 'nodes'
2025-05-06 22:51:01,853 - graph_diffusion_utils - WARNING - Error processing sample 61: 'GlobalStorage' object has no attribute 'nodes'
2025-05-06 22:51:01,856 - graph_diffusion_utils - WARNING - Error processing sample 70: 'GlobalStorage' object has no attribute 'nodes'
2025-05-06 22:51:01,856 - graph_diffusion_utils - WARNING - Error processing sample 95: 'GlobalStorage' object has no attribute 'nodes'
2025-05-06 22:51:01,856 - graph_diffusion_utils - WARNING - Error processing sample 2: 'GlobalStorage' object has no attribute 'nodes'
2025-05-06 22:51:01,860 - graph_diffusion_utils - WARNING - Error processing sample 66: 'GlobalStorage' object has no attribute 'nodes'
2025-05-06 22:51:01,861 - graph_diffusion_utils - WARNING - Error processing sample 17: 'GlobalStorage' object has no attribute 'nodes'
2025-05-06 22:51:01,861 - graph_diffusion_utils - WARNING - Error processing sample 45: 'GlobalStorage' object has no attribute 'nodes'
2025-05-06 22:51:01,863 - graph_diffusion_utils - WARNING - Error processing sample 86: 'GlobalStorage' object has no attribute 'nodes'
2025-05-06 22:51:01,865 - graph_diffusion_utils - WARNING - Error processing sample 22: 'GlobalStorage' object has no attribute 'nodes'
2025-05-06 22:51:01,866 - graph_diffusion_utils - WARNING - Error processing sample 85: 'GlobalStorage' object has no attribute 'nodes'
2025-05-06 22:51:01,866 - graph_diffusion_utils - WARNING - Error processing sample 18: 'GlobalStorage' object has no attribute 'nodes'
2025-05-06 22:51:01,869 - graph_diffusion_utils - WARNING - Error processing sample 13: 'GlobalStorage' object has no attribute 'nodes'
2025-05-06 22:51:01,870 - graph_diffusion_utils - WARNING - Error processing sample 19: 'GlobalStorage' object has no attribute 'nodes'
2025-05-06 22:51:01,871 - graph_diffusion_utils - WARNING - Error processing sample 41: 'GlobalStorage' object has no attribute 'nodes'
2025-05-06 22:51:01,874 - graph_diffusion_utils - WARNING - Error processing sample 69: 'GlobalStorage' object has no attribute 'nodes'
2025-05-06 22:51:01,874 - graph_diffusion_utils - WARNING - Error processing sample 10: 'GlobalStorage' object has no attribute 'nodes'
2025-05-06 22:51:01,874 - graph_diffusion_utils - WARNING - Error processing sample 55: 'GlobalStorage' object has no attribute 'nodes'
2025-05-06 22:51:01,878 - graph_diffusion_utils - WARNING - Error processing sample 24: 'GlobalStorage' object has no attribute 'nodes'
2025-05-06 22:51:01,878 - graph_diffusion_utils - WARNING - Error processing sample 67: 'GlobalStorage' object has no attribute 'nodes'
2025-05-06 22:51:01,878 - graph_diffusion_utils - WARNING - Error processing sample 29: 'GlobalStorage' object has no attribute 'nodes'
2025-05-06 22:51:01,881 - graph_diffusion_utils - WARNING - Error processing sample 30: 'GlobalStorage' object has no attribute 'nodes'
2025-05-06 22:51:01,882 - graph_diffusion_utils - WARNING - Error processing sample 91: 'GlobalStorage' object has no attribute 'nodes'
2025-05-06 22:51:01,882 - graph_diffusion_utils - WARNING - Error processing sample 93: 'GlobalStorage' object has no attribute 'nodes'
2025-05-06 22:51:01,884 - graph_diffusion_utils - WARNING - Error processing sample 92: 'GlobalStorage' object has no attribute 'nodes'
2025-05-06 22:51:01,885 - graph_diffusion_utils - WARNING - Error processing sample 54: 'GlobalStorage' object has no attribute 'nodes'
2025-05-06 22:51:01,887 - graph_diffusion_utils - WARNING - Error processing sample 74: 'GlobalStorage' object has no attribute 'nodes'
2025-05-06 22:51:01,889 - graph_diffusion_utils - WARNING - Error processing sample 1: 'GlobalStorage' object has no attribute 'nodes'
2025-05-06 22:51:01,890 - graph_diffusion_utils - WARNING - Error processing sample 56: 'GlobalStorage' object has no attribute 'nodes'
2025-05-06 22:51:01,892 - graph_diffusion_utils - WARNING - Error processing sample 82: 'GlobalStorage' object has no attribute 'nodes'
2025-05-06 22:51:01,894 - graph_diffusion_utils - WARNING - Error processing sample 12: 'GlobalStorage' object has no attribute 'nodes'
2025-05-06 22:51:01,897 - graph_diffusion_utils - WARNING - Error processing sample 49: 'GlobalStorage' object has no attribute 'nodes'
2025-05-06 22:51:01,898 - graph_diffusion_utils - WARNING - Error processing sample 71: 'GlobalStorage' object has no attribute 'nodes'
2025-05-06 22:51:01,901 - graph_diffusion_utils - WARNING - Error processing sample 81: 'GlobalStorage' object has no attribute 'nodes'
2025-05-06 22:51:01,902 - graph_diffusion_utils - WARNING - Error processing sample 53: 'GlobalStorage' object has no attribute 'nodes'
2025-05-06 22:51:01,904 - graph_diffusion_utils - WARNING - Error processing sample 65: 'GlobalStorage' object has no attribute 'nodes'
2025-05-06 22:51:01,906 - graph_diffusion_utils - WARNING - Error processing sample 7: 'GlobalStorage' object has no attribute 'nodes'
2025-05-06 22:51:01,907 - graph_diffusion_utils - WARNING - Error processing sample 72: 'GlobalStorage' object has no attribute 'nodes'
2025-05-06 22:51:01,910 - graph_diffusion_utils - WARNING - Error processing sample 36: 'GlobalStorage' object has no attribute 'nodes'
2025-05-06 22:51:01,912 - graph_diffusion_utils - WARNING - Error processing sample 31: 'GlobalStorage' object has no attribute 'nodes'
2025-05-06 22:51:01,913 - graph_diffusion_utils - WARNING - Error processing sample 80: 'GlobalStorage' object has no attribute 'nodes'
2025-05-06 22:51:01,915 - graph_diffusion_utils - WARNING - Error processing sample 94: 'GlobalStorage' object has no attribute 'nodes'
2025-05-06 22:51:01,917 - graph_diffusion_utils - WARNING - Error processing sample 75: 'GlobalStorage' object has no attribute 'nodes'
2025-05-06 22:51:01,919 - graph_diffusion_utils - WARNING - Error processing sample 15: 'GlobalStorage' object has no attribute 'nodes'
2025-05-06 22:51:01,920 - graph_diffusion_utils - WARNING - Error processing sample 60: 'GlobalStorage' object has no attribute 'nodes'
2025-05-06 22:51:01,923 - graph_diffusion_utils - WARNING - Error processing sample 88: 'GlobalStorage' object has no attribute 'nodes'
2025-05-06 22:51:01,923 - graph_diffusion_utils - WARNING - Error processing sample 9: 'GlobalStorage' object has no attribute 'nodes'
2025-05-06 22:51:01,926 - graph_diffusion_utils - WARNING - Error processing sample 0: 'GlobalStorage' object has no attribute 'nodes'
2025-05-06 22:51:01,926 - graph_diffusion_utils - WARNING - Error processing sample 64: 'GlobalStorage' object has no attribute 'nodes'
2025-05-06 22:51:01,929 - graph_diffusion_utils - WARNING - Error processing sample 78: 'GlobalStorage' object has no attribute 'nodes'
2025-05-06 22:51:01,930 - graph_diffusion_utils - WARNING - Error processing sample 51: 'GlobalStorage' object has no attribute 'nodes'
2025-05-06 22:51:01,932 - graph_diffusion_utils - WARNING - Error processing sample 38: 'GlobalStorage' object has no attribute 'nodes'
2025-05-06 22:51:01,933 - graph_diffusion_utils - WARNING - Error processing sample 3: 'GlobalStorage' object has no attribute 'nodes'
2025-05-06 22:51:01,935 - graph_diffusion_utils - WARNING - Error processing sample 62: 'GlobalStorage' object has no attribute 'nodes'
2025-05-06 22:51:01,936 - graph_diffusion_utils - WARNING - Error processing sample 87: 'GlobalStorage' object has no attribute 'nodes'
